  client.cpp
C:\Users\Lenovo\Desktop\github\ChatProject\Client\client.cpp(361,54): warning C4267: '인수': 'size_t'에서 'int'(으)로 변환하면서 데이터가 손실될 수 있습니다.
C:\Users\Lenovo\Desktop\github\ChatProject\Client\client.cpp(402,50): warning C4267: '인수': 'size_t'에서 'int'(으)로 변환하면서 데이터가 손실될 수 있습니다.
C:\Users\Lenovo\Desktop\github\ChatProject\Client\client.cpp(419,45): warning C4267: '인수': 'size_t'에서 'int'(으)로 변환하면서 데이터가 손실될 수 있습니다.
C:\Users\Lenovo\Desktop\github\ChatProject\Client\client.cpp(457,50): warning C4267: '인수': 'size_t'에서 'int'(으)로 변환하면서 데이터가 손실될 수 있습니다.
C:\Users\Lenovo\Desktop\github\ChatProject\Client\client.cpp(469,45): warning C4267: '인수': 'size_t'에서 'int'(으)로 변환하면서 데이터가 손실될 수 있습니다.
C:\Users\Lenovo\Desktop\github\ChatProject\Client\client.cpp(505,60): warning C4267: '인수': 'size_t'에서 'int'(으)로 변환하면서 데이터가 손실될 수 있습니다.
C:\Users\Lenovo\Desktop\github\ChatProject\Client\client.cpp(555,54): warning C4267: '인수': 'size_t'에서 'int'(으)로 변환하면서 데이터가 손실될 수 있습니다.
C:\Users\Lenovo\Desktop\github\ChatProject\Client\client.cpp(566,45): warning C4267: '인수': 'size_t'에서 'int'(으)로 변환하면서 데이터가 손실될 수 있습니다.
C:\Users\Lenovo\Desktop\github\ChatProject\Client\client.cpp(610,70): warning C4267: '인수': 'size_t'에서 'int'(으)로 변환하면서 데이터가 손실될 수 있습니다.
C:\Users\Lenovo\Desktop\github\ChatProject\Client\client.cpp(671,54): warning C4267: '인수': 'size_t'에서 'int'(으)로 변환하면서 데이터가 손실될 수 있습니다.
C:\Users\Lenovo\Desktop\github\ChatProject\Client\client.cpp(747,54): warning C4267: '인수': 'size_t'에서 'int'(으)로 변환하면서 데이터가 손실될 수 있습니다.
C:\Users\Lenovo\Desktop\github\ChatProject\Client\client.cpp(783,58): warning C4267: '인수': 'size_t'에서 'int'(으)로 변환하면서 데이터가 손실될 수 있습니다.
C:\Users\Lenovo\Desktop\github\ChatProject\Client\client.cpp(804,54): warning C4267: '인수': 'size_t'에서 'int'(으)로 변환하면서 데이터가 손실될 수 있습니다.
C:\Users\Lenovo\Desktop\github\ChatProject\Client\client.cpp(822,54): warning C4267: '인수': 'size_t'에서 'int'(으)로 변환하면서 데이터가 손실될 수 있습니다.
C:\Users\Lenovo\Desktop\github\ChatProject\Client\client.cpp(843,58): warning C4267: '인수': 'size_t'에서 'int'(으)로 변환하면서 데이터가 손실될 수 있습니다.
C:\Users\Lenovo\Desktop\github\ChatProject\Client\client.cpp(852,76): warning C4267: '인수': 'size_t'에서 'int'(으)로 변환하면서 데이터가 손실될 수 있습니다.
C:\Users\Lenovo\Desktop\github\ChatProject\Client\client.cpp(961,54): warning C4267: '인수': 'size_t'에서 'int'(으)로 변환하면서 데이터가 손실될 수 있습니다.
  코드를 생성하고 있습니다.
  51 of 346 functions (14.7%) were compiled, the rest were copied from previous compilation.
    0 functions were new in current compilation
    25 functions had inline decision re-evaluated but remain unchanged
  코드를 생성했습니다.
  client.vcxproj -> C:\Users\Lenovo\Desktop\github\ChatProject\x64\Release\client.exe
